<?xml version="1.0" encoding="UTF-8"?>
<!-- Generated by org.testng.reporters.JUnitReportReporter -->
<testsuite skipped="0" hostname="DESKTOP-RCDUI6V" name="com.sample.Runner.BddTestRunner" tests="1" failures="0" timestamp="25 Oct 2021 09:25:54 GMT" time="23.284" errors="0">
  <testcase name="runCukes" time="23.284" classname="com.sample.Runner.BddTestRunner"/>
</testsuite> <!-- com.sample.Runner.BddTestRunner -->
